This is pdfTeX, Version 3.141592653-2.6-1.40.25 (TeX Live 2023/Debian) (preloaded format=pdflatex 2025.11.16)  24 MAR 2026 04:04
entering extended mode
 restricted \write18 enabled.
 %&-line parsing enabled.
**main.tex
(./main.tex
LaTeX2e <2023-11-01> patch level 1
L3 programming layer <2024-01-22>
(./llncs.cls
Document Class: llncs 2024/01/29 v2.24 
 LaTeX document class for Lecture Notes in Computer Science
(/usr/share/texlive/texmf-dist/tex/latex/base/article.cls
Document Class: article 2023/05/17 v1.4n Standard LaTeX document class
(/usr/share/texlive/texmf-dist/tex/latex/base/size10.clo
File: size10.clo 2023/05/17 v1.4n Standard LaTeX file (size option)
)
\c@part=\count187
\c@section=\count188
\c@subsection=\count189
\c@subsubsection=\count190
\c@paragraph=\count191
\c@subparagraph=\count192
\c@figure=\count193
\c@table=\count194
\abovecaptionskip=\skip48
\belowcaptionskip=\skip49
\bibindent=\dimen140
)
(/usr/share/texlive/texmf-dist/tex/latex/tools/multicol.sty
Package: multicol 2023/03/30 v1.9f multicolumn formatting (FMi)
\c@tracingmulticols=\count195
\mult@box=\box51
\multicol@leftmargin=\dimen141
\c@unbalance=\count196
\c@collectmore=\count197
\doublecol@number=\count198
\multicoltolerance=\count199
\multicolpretolerance=\count266
\full@width=\dimen142
\page@free=\dimen143
\premulticols=\dimen144
\postmulticols=\dimen145
\multicolsep=\skip50
\multicolbaselineskip=\skip51
\partial@page=\box52
\last@line=\box53
\mc@boxedresult=\box54
\maxbalancingoverflow=\dimen146
\mult@rightbox=\box55
\mult@grightbox=\box56
\mult@firstbox=\box57
\mult@gfirstbox=\box58
\@tempa=\box59
\@tempa=\box60
\@tempa=\box61
\@tempa=\box62
\@tempa=\box63
\@tempa=\box64
\@tempa=\box65
\@tempa=\box66
\@tempa=\box67
\@tempa=\box68
\@tempa=\box69
\@tempa=\box70
\@tempa=\box71
\@tempa=\box72
\@tempa=\box73
\@tempa=\box74
\@tempa=\box75
\@tempa=\box76
\@tempa=\box77
\@tempa=\box78
\@tempa=\box79
\@tempa=\box80
\@tempa=\box81
\@tempa=\box82
\@tempa=\box83
\@tempa=\box84
\@tempa=\box85
\@tempa=\box86
\@tempa=\box87
\@tempa=\box88
\@tempa=\box89
\@tempa=\box90
\@tempa=\box91
\@tempa=\box92
\@tempa=\box93
\@tempa=\box94
\c@minrows=\count267
\c@columnbadness=\count268
\c@finalcolumnbadness=\count269
\last@try=\dimen147
\multicolovershoot=\dimen148
\multicolundershoot=\dimen149
\mult@nat@firstbox=\box95
\colbreak@box=\box96
\mc@col@check@num=\count270
)
(/usr/share/texlive/texmf-dist/tex/latex/oberdiek/aliascnt.sty
Package: aliascnt 2018/09/07 v1.5 Alias counters (HO)
)
\c@chapter=\count271
LaTeX Font Info:    Redeclaring math symbol \Gamma on input line 379.
LaTeX Font Info:    Redeclaring math symbol \Delta on input line 380.
LaTeX Font Info:    Redeclaring math symbol \Theta on input line 381.
LaTeX Font Info:    Redeclaring math symbol \Lambda on input line 382.
LaTeX Font Info:    Redeclaring math symbol \Xi on input line 383.
LaTeX Font Info:    Redeclaring math symbol \Pi on input line 384.
LaTeX Font Info:    Redeclaring math symbol \Sigma on input line 385.
LaTeX Font Info:    Redeclaring math symbol \Upsilon on input line 386.
LaTeX Font Info:    Redeclaring math symbol \Phi on input line 387.
LaTeX Font Info:    Redeclaring math symbol \Psi on input line 388.
LaTeX Font Info:    Redeclaring math symbol \Omega on input line 389.
LaTeX Info: Redefining \vec on input line 394.
\tocchpnum=\dimen150
\tocsecnum=\dimen151
\tocsectotal=\dimen152
\tocsubsecnum=\dimen153
\tocsubsectotal=\dimen154
\tocsubsubsecnum=\dimen155
\tocsubsubsectotal=\dimen156
\tocparanum=\dimen157
\tocparatotal=\dimen158
\tocsubparanum=\dimen159
\@tempcntc=\count272
\fnindent=\dimen160
\c@@inst=\count273
\c@@auth=\count274
\c@auco=\count275
\instindent=\dimen161
\authrun=\box97
\authorrunning=\toks17
\tocauthor=\toks18
\titrun=\box98
\titlerunning=\toks19
\toctitle=\toks20
\c@theorem=\count276
\c@case=\count277
\c@conjecture=\count278
\c@corollary=\count279
\c@definition=\count280
\c@example=\count281
\c@exercise=\count282
\c@lemma=\count283
\c@note=\count284
\c@problem=\count285
\c@property=\count286
\c@proposition=\count287
\c@question=\count288
\c@solution=\count289
\c@remark=\count290
\headlineindent=\dimen162
)
(/usr/share/texlive/texmf-dist/tex/latex/base/fontenc.sty
Package: fontenc 2021/04/29 v2.0v Standard LaTeX package
)
(/usr/share/texlive/texmf-dist/tex/latex/base/inputenc.sty
Package: inputenc 2021/02/14 v1.3d Input encoding file
\inpenc@prehook=\toks21
\inpenc@posthook=\toks22
)
(/usr/share/texlive/texmf-dist/tex/latex/graphics/graphicx.sty
Package: graphicx 2021/09/16 v1.2d Enhanced LaTeX Graphics (DPC,SPQR)

(/usr/share/texlive/texmf-dist/tex/latex/graphics/keyval.sty
Package: keyval 2022/05/29 v1.15 key=value parser (DPC)
\KV@toks@=\toks23
)
(/usr/share/texlive/texmf-dist/tex/latex/graphics/graphics.sty
Package: graphics 2022/03/10 v1.4e Standard LaTeX Graphics (DPC,SPQR)

(/usr/share/texlive/texmf-dist/tex/latex/graphics/trig.sty
Package: trig 2021/08/11 v1.11 sin cos tan (DPC)
)
(/usr/share/texlive/texmf-dist/tex/latex/graphics-cfg/graphics.cfg
File: graphics.cfg 2016/06/04 v1.11 sample graphics configuration
)
Package graphics Info: Driver file: pdftex.def on input line 107.

(/usr/share/texlive/texmf-dist/tex/latex/graphics-def/pdftex.def
File: pdftex.def 2022/09/22 v1.2b Graphics/color driver for pdftex
))
\Gin@req@height=\dimen163
\Gin@req@width=\dimen164
)
(/usr/share/texlive/texmf-dist/tex/latex/amsfonts/amssymb.sty
Package: amssymb 2013/01/14 v3.01 AMS font symbols

(/usr/share/texlive/texmf-dist/tex/latex/amsfonts/amsfonts.sty
Package: amsfonts 2013/01/14 v3.01 Basic AMSFonts support
\@emptytoks=\toks24
\symAMSa=\mathgroup4
\symAMSb=\mathgroup5
LaTeX Font Info:    Redeclaring math symbol \hbar on input line 98.
LaTeX Font Info:    Overwriting math alphabet `\mathfrak' in version `bold'
(Font)                  U/euf/m/n --> U/euf/b/n on input line 106.
))
(/usr/share/texlive/texmf-dist/tex/latex/listings/listings.sty
\lst@mode=\count291
\lst@gtempboxa=\box99
\lst@token=\toks25
\lst@length=\count292
\lst@currlwidth=\dimen165
\lst@column=\count293
\lst@pos=\count294
\lst@lostspace=\dimen166
\lst@width=\dimen167
\lst@newlines=\count295
\lst@lineno=\count296
\lst@maxwidth=\dimen168

(/usr/share/texlive/texmf-dist/tex/latex/listings/lstmisc.sty
File: lstmisc.sty 2023/02/27 1.9 (Carsten Heinz)
\c@lstnumber=\count297
\lst@skipnumbers=\count298
\lst@framebox=\box100
)
(/usr/share/texlive/texmf-dist/tex/latex/listings/listings.cfg
File: listings.cfg 2023/02/27 1.9 listings configuration
))
Package: listings 2023/02/27 1.9 (Carsten Heinz)

(/usr/share/texlive/texmf-dist/tex/latex/xcolor/xcolor.sty
Package: xcolor 2023/11/15 v3.01 LaTeX color extensions (UK)

(/usr/share/texlive/texmf-dist/tex/latex/graphics-cfg/color.cfg
File: color.cfg 2016/01/02 v1.6 sample color configuration
)
Package xcolor Info: Driver file: pdftex.def on input line 274.

(/usr/share/texlive/texmf-dist/tex/latex/graphics/mathcolor.ltx)
Package xcolor Info: Model `cmy' substituted by `cmy0' on input line 1350.
Package xcolor Info: Model `hsb' substituted by `rgb' on input line 1354.
Package xcolor Info: Model `RGB' extended on input line 1366.
Package xcolor Info: Model `HTML' substituted by `rgb' on input line 1368.
Package xcolor Info: Model `Hsb' substituted by `hsb' on input line 1369.
Package xcolor Info: Model `tHsb' substituted by `hsb' on input line 1370.
Package xcolor Info: Model `HSB' substituted by `hsb' on input line 1371.
Package xcolor Info: Model `Gray' substituted by `gray' on input line 1372.
Package xcolor Info: Model `wave' substituted by `hsb' on input line 1373.
)
(/usr/share/texlive/texmf-dist/tex/latex/l3backend/l3backend-pdftex.def
File: l3backend-pdftex.def 2024-01-04 L3 backend support: PDF output (pdfTeX)
\l__color_backend_stack_int=\count299
\l__pdf_internal_box=\box101
)
(./main.aux)
\openout1 = `main.aux'.

LaTeX Font Info:    Checking defaults for OML/cmm/m/it on input line 101.
LaTeX Font Info:    ... okay on input line 101.
LaTeX Font Info:    Checking defaults for OMS/cmsy/m/n on input line 101.
LaTeX Font Info:    ... okay on input line 101.
LaTeX Font Info:    Checking defaults for OT1/cmr/m/n on input line 101.
LaTeX Font Info:    ... okay on input line 101.
LaTeX Font Info:    Checking defaults for T1/cmr/m/n on input line 101.
LaTeX Font Info:    ... okay on input line 101.
LaTeX Font Info:    Checking defaults for TS1/cmr/m/n on input line 101.
LaTeX Font Info:    ... okay on input line 101.
LaTeX Font Info:    Checking defaults for OMX/cmex/m/n on input line 101.
LaTeX Font Info:    ... okay on input line 101.
LaTeX Font Info:    Checking defaults for U/cmr/m/n on input line 101.
LaTeX Font Info:    ... okay on input line 101.
 (/usr/share/texlive/texmf-dist/tex/context/base/mkii/supp-pdf.mkii
[Loading MPS to PDF converter (version 2006.09.02).]
\scratchcounter=\count300
\scratchdimen=\dimen169
\scratchbox=\box102
\nofMPsegments=\count301
\nofMParguments=\count302
\everyMPshowfont=\toks26
\MPscratchCnt=\count303
\MPscratchDim=\dimen170
\MPnumerator=\count304
\makeMPintoPDFobject=\count305
\everyMPtoPDFconversion=\toks27
) (/usr/share/texlive/texmf-dist/tex/latex/epstopdf-pkg/epstopdf-base.sty
Package: epstopdf-base 2020-01-24 v2.11 Base part for package epstopdf
Package epstopdf-base Info: Redefining graphics rule for `.eps' on input line 4
85.

(/usr/share/texlive/texmf-dist/tex/latex/latexconfig/epstopdf-sys.cfg
File: epstopdf-sys.cfg 2010/07/13 v1.3 Configuration of (r)epstopdf for TeX Liv
e
))
\c@lstlisting=\count306
LaTeX Font Info:    Trying to load font information for U+msa on input line 119
.

(/usr/share/texlive/texmf-dist/tex/latex/amsfonts/umsa.fd
File: umsa.fd 2013/01/14 v3.01 AMS symbols A
)
LaTeX Font Info:    Trying to load font information for U+msb on input line 119
.

(/usr/share/texlive/texmf-dist/tex/latex/amsfonts/umsb.fd
File: umsb.fd 2013/01/14 v3.01 AMS symbols B
)
LaTeX Font Info:    Trying to load font information for T1+cmtt on input line 1
19.

(/usr/share/texlive/texmf-dist/tex/latex/base/t1cmtt.fd
File: t1cmtt.fd 2023/04/13 v2.5m Standard LaTeX font definitions
)
Overfull \hbox (29.43007pt too wide) in paragraph at lines 122--140
\T1/cmr/m/n/9 Lean 4 de-pen-dent types. The cen-tral con-tri-bu-tion is the \T1
/cmtt/m/n/9 FormalisationBoundary
 []


Overfull \hbox (34.8953pt too wide) in paragraph at lines 122--140
\T1/cmr/m/n/9 and the Aus-tralian Telecom-mu-ni-ca-tions Con-sumer Pro-tec-tion
s Code (C628:2012).
 []


Overfull \hbox (1.31902pt too wide) in paragraph at lines 122--140
\T1/cmtt/m/n/9 sorry \T1/cmr/m/n/9 place-hold-ers. The head-line re-sult is \T1
/cmtt/m/n/9 monotonicity_break_general\T1/cmr/m/n/9 :
 []

[1

{/var/lib/texmf/fonts/map/pdftex/updmap/pdftex.map}]
Overfull \hbox (8.65436pt too wide) in paragraph at lines 169--183
[]\T1/cmr/m/n/10 Existing ap-proaches ad-dress parts of this prob-lem but not t
he whole. Catala [10]
 []


Overfull \hbox (36.25922pt too wide) in paragraph at lines 200--204
[]\T1/cmr/m/n/10 The \T1/cmtt/m/n/10 FormalisationBoundary \T1/cmr/m/n/10 in-du
c-tive type and the \T1/cmtt/m/n/10 RequiresHumanDetermination
 []


Underfull \vbox (badness 10000) has occurred while \output is active []

 [2]
Overfull \hbox (1.3222pt too wide) in paragraph at lines 204--210
[]\T1/cmr/m/n/10 A ver-i-fied en-cod-ing of IRC ¤163(h) in-clud-ing \T1/cmtt/m/
n/10 monotonicity_break_general\T1/cmr/m/n/10 ,
 []


Overfull \hbox (19.53888pt too wide) in paragraph at lines 210--213
[]\T1/cmr/m/n/10 A dependent-type en-cod-ing of the O-1A visa ``3 of 8'' thresh
-old us-ing \T1/cmtt/m/n/10 AllDistinct
 []


Overfull \hbox (45.58978pt too wide) in paragraph at lines 252--259
[]\T1/cmr/m/n/10 LegalLean rep-re-sents de-fea-si-bil-ity through the \T1/cmtt/
m/n/10 Defeats \T1/cmr/m/n/10 struc-ture and \T1/cmtt/m/n/10 DefeasiblyHolds
 []

[3]
Overfull \hbox (1.04144pt too wide) in paragraph at lines 271--277
\T1/cmtt/m/n/10 MeetsThreeCriteria \T1/cmr/m/n/10 en-codes this di-rectly via a
n \T1/cmtt/m/n/10 AllDistinct \T1/cmr/m/n/10 list of \T1/cmtt/m/n/10 Criterion
 []

LaTeX Font Info:    Font shape `T1/cmtt/bx/n' in size <9> not available
(Font)              Font shape `T1/cmtt/m/n' tried instead on input line 288.

Overfull \hbox (226.87518pt too wide) in paragraph at lines 295--300
\T1/cmr/m/n/10 en-abling au-to-mated con-flict de-tec-tion in the-o-rems (for i
n-stance, \T1/cmtt/m/n/10 R1_BaseDeduction.modality \ne R2_TCJAProhibition.moda
lity
 []

[4]
Overfull \hbox (101.10034pt too wide) in paragraph at lines 360--363
\T1/cmr/m/n/10 The \T1/cmtt/m/n/10 FormalisationBoundary \T1/cmr/m/n/10 type ma
rks where the bound-ary falls. The \T1/cmtt/m/n/10 RequiresHumanDetermination
 []

[5]
Overfull \hbox (57.8609pt too wide) in paragraph at lines 386--392
\T1/cmr/m/n/10 plicit ax-iom. In the case stud-ies, open-texture propo-si-tions
 such as \T1/cmtt/m/n/10 HasExtraordinaryAbility
 []

[6]
Overfull \hbox (5.3501pt too wide) in paragraph at lines 431--434
\T1/cmr/m/n/10 to-ber 1987 is grand-fa-thered from cur-rent dol-lar lim-its. Pr
i-or-ity level 3 (``statute
 []


Overfull \hbox (51.61609pt too wide) in paragraph at lines 443--451
[]\T1/cmr/m/n/10 Open-texture terms are en-coded as ax-ioms with \T1/cmtt/m/n/1
0 Vague \T1/cmr/m/n/10 in-stances. \T1/cmtt/m/n/10 IsQualifiedResidence
 []


Overfull \hbox (36.44836pt too wide) in paragraph at lines 443--451
\T1/cmr/m/n/10 re-ceives a \T1/cmtt/m/n/10 Discretionary \T1/cmr/m/n/10 in-stan
ce ref-er-enc-ing IRS trac-ing rules un-der Treas. Reg. ¤1.163-
 []

[7]
Overfull \hbox (12.37567pt too wide) in paragraph at lines 520--523
[]\T1/cmr/m/n/10 The eight cri-te-ria are de-fined as an in-duc-tive type \T1/c
mtt/m/n/10 Criterion \T1/cmr/m/n/10 with \T1/cmtt/m/n/10 DecidableEq\T1/cmr/m/n
/10 ,
 []

[8]
Overfull \hbox (1.94482pt too wide) in paragraph at lines 543--553
[]\T1/cmr/m/n/10 The Kazar-ian two-part test (\T1/cmr/m/it/10 Kazar-ian v. US-C
IS\T1/cmr/m/n/10 , 596 F.3d 1115, 9th Cir. 2010)
 []


Overfull \hbox (27.61829pt too wide) in paragraph at lines 543--553
\T1/cmr/m/n/10 is en-coded by \T1/cmtt/m/n/10 determineEligibility\T1/cmr/m/n/1
0 , which re-turns \T1/cmtt/m/n/10 FormalisationBoundary.mixed\T1/cmr/m/n/10 :
 []


Overfull \hbox (67.02533pt too wide) in paragraph at lines 565--573
\T1/cmr/m/n/10 fees are al-lowed). The the-o-rems \T1/cmtt/m/n/10 contact_oblig
ation_and_exemption_are_deontic_distinct
 []

[9]
Overfull \hbox (35.38533pt too wide) in paragraph at lines 598--606
\T1/cmr/m/n/10 de-ter-mi-na-tion, rather than treat-ing both as or-di-nary lit-
er-als; (2) \T1/cmtt/m/n/10 LegalRule ($\OML/cmm/m/it/10 $ \T1/cmtt/m/n/10 : T
ype)
 []


Overfull \hbox (0.18054pt too wide) in paragraph at lines 613--620
\T1/cmr/m/n/10 these the-o-rems. Some are struc-tural unit tests: \T1/cmtt/m/n/
10 non_individual_never_deducts
 []


Overfull \hbox (5.20709pt too wide) in paragraph at lines 621--630
\T1/cmtt/m/n/10 no_mixed_outcomes \T1/cmr/m/n/10 proves by full case anal-y-sis
 that IRC ¤163(h)'s \T1/cmtt/m/n/10 isDeductible
 []


Overfull \hbox (35.94958pt too wide) in paragraph at lines 631--640
\T1/cmr/m/n/10 tinct ax-iom (e.g. \T1/cmtt/m/n/10 HasExtraordinaryAbility\T1/cm
r/m/n/10 , \T1/cmtt/m/n/10 SalaryIsHigh\T1/cmr/m/n/10 , \T1/cmtt/m/n/10 Contrib
utionsAreMajor\T1/cmr/m/n/10 ),
 []

[10]
Overfull \hbox (45.36395pt too wide) in paragraph at lines 684--694
\T1/cmr/m/n/10 turns \T1/cmtt/m/n/10 FormalisationBoundary.boundary "qualified 
residence" "IRS / Tax Court"
 []


Underfull \vbox (badness 10000) has occurred while \output is active []

 [11]
Overfull \hbox (153.7467pt too wide) in paragraph at lines 725--732
[]\T1/cmr/bx/n/10 Sorry-bypass gap\T1/cmr/m/n/10 : the type sys-tem does not pr
e-vent the con-struc-tion \T1/cmtt/m/n/10 FormalisationBoundary.formal sorry\T1
/cmr/m/n/10 .
 []


Overfull \hbox (19.98126pt too wide) in paragraph at lines 725--732
\T1/cmr/m/n/10 ax-iom. The VER-I-FI-CA-TION.md pro-to-col ad-dresses this by re
-quir-ing \T1/cmtt/m/n/10 grep -r sorry
 []


Overfull \hbox (96.01825pt too wide) in paragraph at lines 733--745
\T1/cmr/m/n/10 who sees \T1/cmtt/m/n/10 FormalisationBoundary.boundary "require
s IRS determination" "IRS / Tax Court"
 []


Overfull \hbox (180.02551pt too wide) in paragraph at lines 759--776
\T1/cmr/m/n/10 In Legal-Lean, \T1/cmtt/m/n/10 isDeductible \T1/cmr/m/n/10 re-tu
rns \T1/cmtt/m/n/10 FormalisationBoundary.boundary "qualified residence" "IRS /
 Tax Court"
 []

[12]
Overfull \hbox (5.29407pt too wide) in paragraph at lines 814--820
[]\T1/cmr/m/n/10 The \T1/cmtt/m/n/10 monotonicity_break_general \T1/cmr/m/n/10 
the-o-rem il-lus-trates what machine-checked
 []

[13] (./main.bbl [14]) [15] (./main.aux)
 ***********
LaTeX2e <2023-11-01> patch level 1
L3 programming layer <2024-01-22>
 ***********
 ) 
Here is how much of TeX's memory you used:
 4933 strings out of 476182
 68350 string characters out of 5795594
 2061975 words of memory out of 5000000
 26902 multiletter control sequences out of 15000+600000
 570682 words of font info for 68 fonts, out of 8000000 for 9000
 14 hyphenation exceptions out of 8191
 57i,9n,65p,898b,1764s stack positions out of 10000i,1000n,20000p,200000b,200000s
 </home/codespace/.texlive2023/texmf-var/fonts/pk/ljfour/jknappen/ec/ecbx1000
.600pk> </home/codespace/.texlive2023/texmf-var/fonts/pk/ljfour/jknappen/ec/ect
t1000.600pk> </home/codespace/.texlive2023/texmf-var/fonts/pk/ljfour/jknappen/e
c/ecti1000.600pk> </home/codespace/.texlive2023/texmf-var/fonts/pk/ljfour/jknap
pen/ec/ecbx1200.600pk> </home/codespace/.texlive2023/texmf-var/fonts/pk/ljfour/
jknappen/ec/tcrm0900.600pk> </home/codespace/.texlive2023/texmf-var/fonts/pk/lj
four/jknappen/ec/ecbx0900.600pk> </home/codespace/.texlive2023/texmf-var/fonts/
pk/ljfour/jknappen/ec/ectt0900.600pk> </home/codespace/.texlive2023/texmf-var/f
onts/pk/ljfour/jknappen/ec/ecrm0900.600pk> </home/codespace/.texlive2023/texmf-
var/fonts/pk/ljfour/jknappen/ec/ecrm1000.600pk> </home/codespace/.texlive2023/t
exmf-var/fonts/pk/ljfour/jknappen/ec/ecbx1440.600pk></usr/share/texlive/texmf-d
ist/fonts/type1/public/amsfonts/cm/cmmi10.pfb></usr/share/texlive/texmf-dist/fo
nts/type1/public/amsfonts/cm/cmmi7.pfb></usr/share/texlive/texmf-dist/fonts/typ
e1/public/amsfonts/cm/cmmi9.pfb></usr/share/texlive/texmf-dist/fonts/type1/publ
ic/amsfonts/cm/cmr6.pfb></usr/share/texlive/texmf-dist/fonts/type1/public/amsfo
nts/cm/cmr7.pfb></usr/share/texlive/texmf-dist/fonts/type1/public/amsfonts/cm/c
msy9.pfb>
Output written on main.pdf (15 pages, 228405 bytes).
PDF statistics:
 586 PDF objects out of 1000 (max. 8388607)
 93 compressed objects within 1 object stream
 0 named destinations out of 1000 (max. 500000)
 1 words of extra memory for PDF output out of 10000 (max. 10000000)

